2026-02-27 22:49:35.916 [backend-server] INFO  Application - Autoreload is disabled because the development mode is off.
2026-02-27 22:49:35.979 [backend-server] INFO  [Koin] - Started 11 definitions in 0.62 ms
2026-02-27 22:49:36.000 [backend-server] INFO  Application - Application started in 0.17 seconds.
2026-02-27 22:49:36.105 [DefaultDispatcher-worker-1] INFO  Application - Responding at http://0.0.0.0:8080
2026-02-27 22:49:36.421 [eventLoopGroupProxy-4-3] DEBUG api.routes.ExecutionRoutes - Execution manager not found
2026-02-27 22:49:42.540 [eventLoopGroupProxy-4-6] INFO  api.routes.BreakRoutes - 收到关闭服务请求，开始释放资源...
2026-02-27 22:49:42.541 [eventLoopGroupProxy-4-6] DEBUG api.routes.BreakRoutes - ExecuteManagerFactory 已关闭
2026-02-27 22:49:42.542 [eventLoopGroupProxy-4-6] DEBUG api.routes.BreakRoutes - InvestigateManagerFactory 已关闭
2026-02-27 22:49:42.542 [eventLoopGroupProxy-4-6] DEBUG api.routes.BreakRoutes - PlanCreationManagerFactory 已关闭
2026-02-27 22:49:42.542 [eventLoopGroupProxy-4-6] INFO  service.session.SessionsManagerImpl - Closing all sessions (0 total)
2026-02-27 22:49:42.542 [eventLoopGroupProxy-4-6] DEBUG api.routes.BreakRoutes - SessionsManager 已关闭
2026-02-27 23:47:03.869 [backend-server] INFO  Application - Autoreload is disabled because the development mode is off.
2026-02-27 23:47:03.957 [backend-server] INFO  [Koin] - Started 11 definitions in 1.894 ms
2026-02-27 23:47:04.015 [backend-server] INFO  Application - Application started in 0.255 seconds.
2026-02-27 23:47:04.104 [DefaultDispatcher-worker-1] INFO  Application - Responding at http://0.0.0.0:8080
2026-02-27 23:47:04.236 [eventLoopGroupProxy-4-3] DEBUG api.routes.ExecutionRoutes - Execution manager not found
2026-02-27 23:47:10.508 [eventLoopGroupProxy-4-4] INFO  api.routes.BreakRoutes - 收到关闭服务请求，开始释放资源...
2026-02-27 23:47:10.509 [eventLoopGroupProxy-4-4] DEBUG api.routes.BreakRoutes - ExecuteManagerFactory 已关闭
2026-02-27 23:47:10.509 [eventLoopGroupProxy-4-4] DEBUG api.routes.BreakRoutes - InvestigateManagerFactory 已关闭
2026-02-27 23:47:10.510 [eventLoopGroupProxy-4-4] DEBUG api.routes.BreakRoutes - PlanCreationManagerFactory 已关闭
2026-02-27 23:47:10.510 [eventLoopGroupProxy-4-4] INFO  service.session.SessionsManagerImpl - Closing all sessions (0 total)
2026-02-27 23:47:10.510 [eventLoopGroupProxy-4-4] DEBUG api.routes.BreakRoutes - SessionsManager 已关闭
